#! /usr/bin/vvp
:ivl_version "12.0 (stable)";
:ivl_delay_selection "TYPICAL";
:vpi_time_precision + 0;
:vpi_module "/usr/lib/x86_64-linux-gnu/ivl/system.vpi";
:vpi_module "/usr/lib/x86_64-linux-gnu/ivl/vhdl_sys.vpi";
:vpi_module "/usr/lib/x86_64-linux-gnu/ivl/vhdl_textio.vpi";
:vpi_module "/usr/lib/x86_64-linux-gnu/ivl/v2005_math.vpi";
:vpi_module "/usr/lib/x86_64-linux-gnu/ivl/va_math.vpi";
:vpi_module "/usr/lib/x86_64-linux-gnu/ivl/v2009.vpi";
S_0x589c9df7cac0 .scope package, "$unit" "$unit" 2 1;
 .timescale 0 0;
S_0x589c9df840a0 .scope module, "testbench" "testbench" 3 1;
 .timescale 0 0;
S_0x589c9df84480 .scope module, "tb_1" "testbench_1" 3 3, 4 1 0, S_0x589c9df840a0;
 .timescale 0 0;
P_0x589c9df883d0 .param/l "data_ptr_width" 1 4 5, +C4<00000000000000000000000000000010>;
P_0x589c9df88410 .param/l "n_inputs" 1 4 4, +C4<00000000000000000000000000000100>;
P_0x589c9df88450 .param/l "width" 1 4 3, +C4<00000000000000000000000000010000>;
v0x589c9dfaab10_0 .var "clk", 0 0;
v0x589c9dfaabd0_0 .var "current_data", 15 0;
v0x589c9dfaad20_0 .var/queue "data_in_queue", 16;
v0x589c9dfaadc0_0 .var/queue "data_out_queue", 16;
v0x589c9dfaae60_0 .var "data_ptr", 1 0;
v0x589c9dfaaf20_0 .var "delays", 14 0;
v0x589c9dfaafe0_0 .net "down_data", 15 0, L_0x589c9df5d790;  1 drivers
v0x589c9dfab0d0_0 .net "down_vld", 0 0, L_0x589c9df63c90;  1 drivers
v0x589c9dfab1a0_0 .var "is_test_fail", 0 0;
v0x589c9dfab2d0_0 .var "res", 15 0;
v0x589c9dfab390_0 .var "res_expected", 15 0;
v0x589c9dfab470_0 .var "ring_one", 3 0;
v0x589c9dfab550_0 .var "rst", 0 0;
v0x589c9dfab5f0_0 .var "running", 0 0;
v0x589c9dfab6b0_0 .net "up_data", 63 0, L_0x589c9dfb0540;  1 drivers
v0x589c9dfab7b0_0 .net "up_vlds", 3 0, L_0x589c9dfb03e0;  1 drivers
E_0x589c9df293e0 .event anyedge, v0x589c9dfab5f0_0;
E_0x589c9df0b7c0 .event anyedge, v0x589c9dfab5f0_0, v0x589c9dfaae60_0;
E_0x589c9df8b550 .event "finish";
E_0x589c9df8b2a0 .event "all_combination_done";
L_0x589c9dfaf7a0 .part v0x589c9dfab470_0, 0, 1;
L_0x589c9dfaf8a0 .part v0x589c9dfaaf20_0, 0, 2;
L_0x589c9dfafb40 .part v0x589c9dfab470_0, 1, 1;
L_0x589c9dfafc10 .part v0x589c9dfaaf20_0, 3, 2;
L_0x589c9dfafea0 .part v0x589c9dfab470_0, 2, 1;
L_0x589c9dfaff70 .part v0x589c9dfaaf20_0, 6, 2;
L_0x589c9dfb01f0 .part v0x589c9dfab470_0, 3, 1;
L_0x589c9dfb02c0 .part v0x589c9dfaaf20_0, 9, 2;
L_0x589c9dfb03e0 .concat8 [ 1 1 1 1], v0x589c9dfa6d10_0, v0x589c9dfa8090_0, v0x589c9dfa9400_0, v0x589c9dfaa7a0_0;
L_0x589c9dfb0540 .concat8 [ 16 16 16 16], v0x589c9dfa6870_0, v0x589c9dfa7bd0_0, v0x589c9dfa8f40_0, v0x589c9dfaa1c0_0;
S_0x589c9df60fd0 .scope begin, "$ivl_for_loop2" "$ivl_for_loop2" 4 109, 4 109 0, S_0x589c9df84480;
 .timescale 0 0;
v0x589c9df63df0_0 .var/2s "i", 31 0;
S_0x589c9dfa4a20 .scope begin, "$ivl_for_loop3" "$ivl_for_loop3" 4 215, 4 215 0, S_0x589c9df84480;
 .timescale 0 0;
v0x589c9df5d8f0_0 .var/2s "l", 31 0;
S_0x589c9dfa4c60 .scope module, "DUT" "put_in_order" 4 15, 5 1 0, S_0x589c9df84480;
 .timescale 0 0;
    .port_info 0 /INPUT 1 "clk";
    .port_info 1 /INPUT 1 "rst";
    .port_info 2 /INPUT 4 "up_vlds";
    .port_info 3 /INPUT 64 "up_data";
    .port_info 4 /OUTPUT 1 "down_vld";
    .port_info 5 /OUTPUT 16 "down_data";
P_0x589c9df867f0 .param/l "n_inputs" 0 5 4, +C4<00000000000000000000000000000100>;
P_0x589c9df86830 .param/l "width" 0 5 3, +C4<00000000000000000000000000010000>;
L_0x589c9df63c90 .functor BUFZ 1, v0x589c9dfa5820_0, C4<0>, C4<0>, C4<0>;
L_0x589c9df5d790 .functor BUFZ 16, v0x589c9dfa5630_0, C4<0000000000000000>, C4<0000000000000000>, C4<0000000000000000>;
v0x589c9df5f4d0_0 .net "clk", 0 0, v0x589c9dfaab10_0;  1 drivers
v0x589c9df65b50_0 .var/2s "cnt", 31 0;
v0x589c9dfa54b0 .array "data", 3 0, 16 0;
v0x589c9dfa5550_0 .net "down_data", 15 0, L_0x589c9df5d790;  alias, 1 drivers
v0x589c9dfa5630_0 .var "down_data_copy", 15 0;
v0x589c9dfa5760_0 .net "down_vld", 0 0, L_0x589c9df63c90;  alias, 1 drivers
v0x589c9dfa5820_0 .var "down_vld_copy", 0 0;
v0x589c9dfa58e0_0 .net "rst", 0 0, v0x589c9dfab550_0;  1 drivers
v0x589c9dfa59a0_0 .net "up_data", 63 0, L_0x589c9dfb0540;  alias, 1 drivers
v0x589c9dfa5a60_0 .net "up_vlds", 3 0, L_0x589c9dfb03e0;  alias, 1 drivers
E_0x589c9df8b3b0 .event posedge, v0x589c9df5f4d0_0;
S_0x589c9dfa4f90 .scope begin, "$ivl_for_loop0" "$ivl_for_loop0" 5 43, 5 43 0, S_0x589c9dfa4c60;
 .timescale 0 0;
v0x589c9df5e330_0 .var/2s "i", 31 0;
S_0x589c9dfa51f0 .scope begin, "$ivl_for_loop1" "$ivl_for_loop1" 5 49, 5 49 0, S_0x589c9dfa4c60;
 .timescale 0 0;
v0x589c9df5ec30_0 .var/2s "i", 31 0;
S_0x589c9dfa5c40 .scope generate, "input_generator[0]" "input_generator[0]" 4 129, 4 129 0, S_0x589c9df84480;
 .timescale 0 0;
P_0x589c9dfa5df0 .param/l "i" 1 4 129, +C4<00>;
S_0x589c9dfa5ed0 .scope module, "r_delay" "delay_data_model" 4 131, 6 10 0, S_0x589c9dfa5c40;
 .timescale 0 0;
    .port_info 0 /INPUT 1 "clk";
    .port_info 1 /INPUT 1 "rst";
    .port_info 2 /INPUT 1 "vld_in";
    .port_info 3 /INPUT 2 "out_delay";
    .port_info 4 /INPUT 16 "data_in";
    .port_info 5 /OUTPUT 1 "vld_out";
    .port_info 6 /OUTPUT 16 "data_out";
P_0x589c9df6bdb0 .param/l "delay_width" 1 6 27, +C4<00000000000000000000000000000010>;
P_0x589c9df6bdf0 .param/l "n_inputs" 0 6 13, +C4<00000000000000000000000000000100>;
P_0x589c9df6be30 .param/l "width" 0 6 12, +C4<00000000000000000000000000010000>;
v0x589c9dfa6400_0 .net *"_ivl_15", 0 0, L_0x589c9dfaf6d0;  1 drivers
v0x589c9dfa64e0_0 .net *"_ivl_2", 0 0, L_0x589c9dfaf600;  1 drivers
v0x589c9dfa65a0_0 .net "clk", 0 0, v0x589c9dfaab10_0;  alias, 1 drivers
v0x589c9dfa66a0_0 .net "data_in", 15 0, v0x589c9dfaabd0_0;  1 drivers
v0x589c9dfa6740_0 .var "data_lock", 15 0;
v0x589c9dfa6870_0 .var "data_out", 15 0;
v0x589c9dfa6950_0 .var "delay", 1 0;
v0x589c9dfa6a30_0 .net "out_delay", 1 0, L_0x589c9dfaf8a0;  1 drivers
v0x589c9dfa6b10_0 .var "ready", 0 0;
v0x589c9dfa6bd0_0 .net "rst", 0 0, v0x589c9dfab550_0;  alias, 1 drivers
v0x589c9dfa6c70_0 .net "vld_in", 0 0, L_0x589c9dfaf7a0;  1 drivers
v0x589c9dfa6d10_0 .var "vld_out", 0 0;
E_0x589c9dfa62e0 .event anyedge, L_0x589c9dfaf6d0;
E_0x589c9dfa6360 .event anyedge, L_0x589c9dfaf600;
E_0x589c9dfa63c0 .event "delay_done";
L_0x589c9dfaf600 .reduce/nor v0x589c9dfab550_0;
L_0x589c9dfaf6d0 .reduce/nor v0x589c9dfab550_0;
S_0x589c9dfa6ef0 .scope generate, "input_generator[1]" "input_generator[1]" 4 129, 4 129 0, S_0x589c9df84480;
 .timescale 0 0;
P_0x589c9dfa70f0 .param/l "i" 1 4 129, +C4<01>;
S_0x589c9dfa71d0 .scope module, "r_delay" "delay_data_model" 4 131, 6 10 0, S_0x589c9dfa6ef0;
 .timescale 0 0;
    .port_info 0 /INPUT 1 "clk";
    .port_info 1 /INPUT 1 "rst";
    .port_info 2 /INPUT 1 "vld_in";
    .port_info 3 /INPUT 2 "out_delay";
    .port_info 4 /INPUT 16 "data_in";
    .port_info 5 /OUTPUT 1 "vld_out";
    .port_info 6 /OUTPUT 16 "data_out";
P_0x589c9df6b4b0 .param/l "delay_width" 1 6 27, +C4<00000000000000000000000000000010>;
P_0x589c9df6b4f0 .param/l "n_inputs" 0 6 13, +C4<00000000000000000000000000000100>;
P_0x589c9df6b530 .param/l "width" 0 6 12, +C4<00000000000000000000000000010000>;
v0x589c9dfa7760_0 .net *"_ivl_15", 0 0, L_0x589c9dfafa70;  1 drivers
v0x589c9dfa7840_0 .net *"_ivl_2", 0 0, L_0x589c9dfaf9a0;  1 drivers
v0x589c9dfa7900_0 .net "clk", 0 0, v0x589c9dfaab10_0;  alias, 1 drivers
v0x589c9dfa7a20_0 .net "data_in", 15 0, v0x589c9dfaabd0_0;  alias, 1 drivers
v0x589c9dfa7ac0_0 .var "data_lock", 15 0;
v0x589c9dfa7bd0_0 .var "data_out", 15 0;
v0x589c9dfa7cb0_0 .var "delay", 1 0;
v0x589c9dfa7d90_0 .net "out_delay", 1 0, L_0x589c9dfafc10;  1 drivers
v0x589c9dfa7e70_0 .var "ready", 0 0;
v0x589c9dfa7f30_0 .net "rst", 0 0, v0x589c9dfab550_0;  alias, 1 drivers
v0x589c9dfa7fd0_0 .net "vld_in", 0 0, L_0x589c9dfafb40;  1 drivers
v0x589c9dfa8090_0 .var "vld_out", 0 0;
E_0x589c9dfa7640 .event anyedge, L_0x589c9dfafa70;
E_0x589c9dfa76c0 .event anyedge, L_0x589c9dfaf9a0;
E_0x589c9dfa7720 .event "delay_done";
L_0x589c9dfaf9a0 .reduce/nor v0x589c9dfab550_0;
L_0x589c9dfafa70 .reduce/nor v0x589c9dfab550_0;
S_0x589c9dfa8270 .scope generate, "input_generator[2]" "input_generator[2]" 4 129, 4 129 0, S_0x589c9df84480;
 .timescale 0 0;
P_0x589c9dfa8470 .param/l "i" 1 4 129, +C4<010>;
S_0x589c9dfa8550 .scope module, "r_delay" "delay_data_model" 4 131, 6 10 0, S_0x589c9dfa8270;
 .timescale 0 0;
    .port_info 0 /INPUT 1 "clk";
    .port_info 1 /INPUT 1 "rst";
    .port_info 2 /INPUT 1 "vld_in";
    .port_info 3 /INPUT 2 "out_delay";
    .port_info 4 /INPUT 16 "data_in";
    .port_info 5 /OUTPUT 1 "vld_out";
    .port_info 6 /OUTPUT 16 "data_out";
P_0x589c9df6aa70 .param/l "delay_width" 1 6 27, +C4<00000000000000000000000000000010>;
P_0x589c9df6aab0 .param/l "n_inputs" 0 6 13, +C4<00000000000000000000000000000100>;
P_0x589c9df6aaf0 .param/l "width" 0 6 12, +C4<00000000000000000000000000010000>;
v0x589c9dfa8ab0_0 .net *"_ivl_15", 0 0, L_0x589c9dfafdd0;  1 drivers
v0x589c9dfa8b90_0 .net *"_ivl_2", 0 0, L_0x589c9dfafd30;  1 drivers
v0x589c9dfa8c50_0 .net "clk", 0 0, v0x589c9dfaab10_0;  alias, 1 drivers
v0x589c9dfa8d20_0 .net "data_in", 15 0, v0x589c9dfaabd0_0;  alias, 1 drivers
v0x589c9dfa8e10_0 .var "data_lock", 15 0;
v0x589c9dfa8f40_0 .var "data_out", 15 0;
v0x589c9dfa9020_0 .var "delay", 1 0;
v0x589c9dfa9100_0 .net "out_delay", 1 0, L_0x589c9dfaff70;  1 drivers
v0x589c9dfa91e0_0 .var "ready", 0 0;
v0x589c9dfa92a0_0 .net "rst", 0 0, v0x589c9dfab550_0;  alias, 1 drivers
v0x589c9dfa9340_0 .net "vld_in", 0 0, L_0x589c9dfafea0;  1 drivers
v0x589c9dfa9400_0 .var "vld_out", 0 0;
E_0x589c9dfa8990 .event anyedge, L_0x589c9dfafdd0;
E_0x589c9dfa8a10 .event anyedge, L_0x589c9dfafd30;
E_0x589c9dfa8a70 .event "delay_done";
L_0x589c9dfafd30 .reduce/nor v0x589c9dfab550_0;
L_0x589c9dfafdd0 .reduce/nor v0x589c9dfab550_0;
S_0x589c9dfa95e0 .scope generate, "input_generator[3]" "input_generator[3]" 4 129, 4 129 0, S_0x589c9df84480;
 .timescale 0 0;
P_0x589c9dfa9790 .param/l "i" 1 4 129, +C4<011>;
S_0x589c9dfa9870 .scope module, "r_delay" "delay_data_model" 4 131, 6 10 0, S_0x589c9dfa95e0;
 .timescale 0 0;
    .port_info 0 /INPUT 1 "clk";
    .port_info 1 /INPUT 1 "rst";
    .port_info 2 /INPUT 1 "vld_in";
    .port_info 3 /INPUT 2 "out_delay";
    .port_info 4 /INPUT 16 "data_in";
    .port_info 5 /OUTPUT 1 "vld_out";
    .port_info 6 /OUTPUT 16 "data_out";
P_0x589c9df77b10 .param/l "delay_width" 1 6 27, +C4<00000000000000000000000000000010>;
P_0x589c9df77b50 .param/l "n_inputs" 0 6 13, +C4<00000000000000000000000000000100>;
P_0x589c9df77b90 .param/l "width" 0 6 12, +C4<00000000000000000000000000010000>;
v0x589c9dfa9dd0_0 .net *"_ivl_15", 0 0, L_0x589c9dfb0120;  1 drivers
v0x589c9dfa9eb0_0 .net *"_ivl_2", 0 0, L_0x589c9dfb0080;  1 drivers
v0x589c9dfa9f70_0 .net "clk", 0 0, v0x589c9dfaab10_0;  alias, 1 drivers
v0x589c9dfaa040_0 .net "data_in", 15 0, v0x589c9dfaabd0_0;  alias, 1 drivers
v0x589c9dfaa0e0_0 .var "data_lock", 15 0;
v0x589c9dfaa1c0_0 .var "data_out", 15 0;
v0x589c9dfaa2a0_0 .var "delay", 1 0;
v0x589c9dfaa380_0 .net "out_delay", 1 0, L_0x589c9dfb02c0;  1 drivers
v0x589c9dfaa460_0 .var "ready", 0 0;
v0x589c9dfaa5b0_0 .net "rst", 0 0, v0x589c9dfab550_0;  alias, 1 drivers
v0x589c9dfaa6e0_0 .net "vld_in", 0 0, L_0x589c9dfb01f0;  1 drivers
v0x589c9dfaa7a0_0 .var "vld_out", 0 0;
E_0x589c9dfa9cb0 .event anyedge, L_0x589c9dfb0120;
E_0x589c9dfa9d30 .event anyedge, L_0x589c9dfb0080;
E_0x589c9dfa9d90 .event "delay_done";
L_0x589c9dfb0080 .reduce/nor v0x589c9dfab550_0;
L_0x589c9dfb0120 .reduce/nor v0x589c9dfab550_0;
S_0x589c9dfaa980 .scope task, "reset" "reset" 4 39, 4 39 0, S_0x589c9df84480;
 .timescale 0 0;
TD_testbench.tb_1.reset ;
    %pushi/vec4 1, 1, 1;
    %assign/vec4 v0x589c9dfab550_0, 0;
    %pushi/vec4 3, 0, 32;
T_0.0 %dup/vec4;
    %pushi/vec4 0, 0, 32;
    %cmp/s;
    %jmp/1xz T_0.1, 5;
    %jmp/1 T_0.1, 4;
    %pushi/vec4 1, 0, 32;
    %sub;
    %wait E_0x589c9df8b3b0;
    %jmp T_0.0;
T_0.1 ;
    %pop/vec4 1;
    %pushi/vec4 1, 0, 1;
    %assign/vec4 v0x589c9dfab550_0, 0;
    %pushi/vec4 3, 0, 32;
T_0.2 %dup/vec4;
    %pushi/vec4 0, 0, 32;
    %cmp/s;
    %jmp/1xz T_0.3, 5;
    %jmp/1 T_0.3, 4;
    %pushi/vec4 1, 0, 32;
    %sub;
    %wait E_0x589c9df8b3b0;
    %jmp T_0.2;
T_0.3 ;
    %pop/vec4 1;
    %pushi/vec4 0, 0, 1;
    %assign/vec4 v0x589c9dfab550_0, 0;
    %end;
S_0x589c9dfab880 .scope module, "tb_2" "testbench_2" 3 4, 7 3 0, S_0x589c9df840a0;
 .timescale 0 0;
P_0x589c9df7e010 .param/l "TIMEOUT" 1 7 219, +C4<00000000000000000010011100010000>;
P_0x589c9df7e050 .param/l "latency_width" 1 7 103, +C4<00000000000000000000000000000100>;
P_0x589c9df7e090 .param/l "max_latency" 1 7 104, C4<1010>;
P_0x589c9df7e0d0 .param/l "max_ptr" 1 7 101, C4<1001>;
P_0x589c9df7e110 .param/l "n_inputs" 1 7 38, +C4<00000000000000000000000000001010>;
P_0x589c9df7e150 .param/l "ptr_width" 1 7 100, +C4<00000000000000000000000000000100>;
P_0x589c9df7e190 .param/l "width" 1 7 38, +C4<00000000000000000000000000001000>;
v0x589c9dfae730_0 .var "clk", 0 0;
v0x589c9dfae7f0_0 .var/2u "counter", 31 0;
v0x589c9dfae8b0_0 .var/2u "cycle", 31 0;
v0x589c9dfae9a0_0 .net "down_data", 7 0, L_0x589c9df5e1d0;  1 drivers
v0x589c9dfaea90_0 .var "down_data_expected", 7 0;
v0x589c9dfaeba0_0 .net "down_vld", 0 0, L_0x589c9df5dec0;  1 drivers
v0x589c9dfaec40_0 .var "pending", 9 0;
v0x589c9dfaed00_0 .var "pending_data", 79 0;
v0x589c9dfaedf0_0 .var "pending_data_for_log", 79 0;
v0x589c9dfaef70_0 .var "pending_for_log", 9 0;
v0x589c9dfaf050_0 .var "pending_latency", 39 0;
v0x589c9dfaf140_0 .var "ptr", 3 0;
v0x589c9dfaf220_0 .var/queue "queue", 8;
v0x589c9dfaf2c0_0 .var "rst", 0 0;
v0x589c9dfaf390_0 .var "up_data", 79 0;
v0x589c9dfaf490_0 .var "up_vlds", 9 0;
v0x589c9dfaf560_0 .var/2u "was_reset", 0 0;
S_0x589c9dfabe00 .scope begin, "$ivl_for_loop7" "$ivl_for_loop7" 7 188, 7 188 0, S_0x589c9dfab880;
 .timescale 0 0;
v0x589c9dfabf90_0 .var/2s "i", 31 0;
S_0x589c9dfac090 .scope begin, "$ivl_for_loop8" "$ivl_for_loop8" 7 198, 7 198 0, S_0x589c9dfab880;
 .timescale 0 0;
v0x589c9dfac290_0 .var/2s "i", 31 0;
S_0x589c9dfac370 .scope module, "i_put_in_order" "put_in_order" 7 53, 5 1 0, S_0x589c9dfab880;
 .timescale 0 0;
    .port_info 0 /INPUT 1 "clk";
    .port_info 1 /INPUT 1 "rst";
    .port_info 2 /INPUT 10 "up_vlds";
    .port_info 3 /INPUT 80 "up_data";
    .port_info 4 /OUTPUT 1 "down_vld";
    .port_info 5 /OUTPUT 8 "down_data";
P_0x589c9dfaba60 .param/l "n_inputs" 0 5 4, +C4<00000000000000000000000000001010>;
P_0x589c9dfabaa0 .param/l "width" 0 5 3, +C4<00000000000000000000000000001000>;
L_0x589c9df5dec0 .functor BUFZ 1, v0x589c9dfad350_0, C4<0>, C4<0>, C4<0>;
L_0x589c9df5e1d0 .functor BUFZ 8, v0x589c9dfad160_0, C4<00000000>, C4<00000000>, C4<00000000>;
v0x589c9dfacdf0_0 .net "clk", 0 0, v0x589c9dfae730_0;  1 drivers
v0x589c9dfaced0_0 .var/2s "cnt", 31 0;
v0x589c9dfacfb0 .array "data", 9 0, 8 0;
v0x589c9dfad080_0 .net "down_data", 7 0, L_0x589c9df5e1d0;  alias, 1 drivers
v0x589c9dfad160_0 .var "down_data_copy", 7 0;
v0x589c9dfad290_0 .net "down_vld", 0 0, L_0x589c9df5dec0;  alias, 1 drivers
v0x589c9dfad350_0 .var "down_vld_copy", 0 0;
v0x589c9dfad410_0 .net "rst", 0 0, v0x589c9dfaf2c0_0;  1 drivers
v0x589c9dfad4d0_0 .net "up_data", 79 0, v0x589c9dfaf390_0;  1 drivers
v0x589c9dfad590_0 .net "up_vlds", 9 0, v0x589c9dfaf490_0;  1 drivers
E_0x589c9dfac7b0 .event posedge, v0x589c9dfacdf0_0;
S_0x589c9dfac810 .scope begin, "$ivl_for_loop0" "$ivl_for_loop0" 5 43, 5 43 0, S_0x589c9dfac370;
 .timescale 0 0;
v0x589c9dfaca10_0 .var/2s "i", 31 0;
S_0x589c9dfacb10 .scope begin, "$ivl_for_loop1" "$ivl_for_loop1" 5 49, 5 49 0, S_0x589c9dfac370;
 .timescale 0 0;
v0x589c9dfacd10_0 .var/2s "i", 31 0;
S_0x589c9dfad770 .scope task, "receive" "receive" 7 60, 7 60 0, S_0x589c9dfab880;
 .timescale 0 0;
TD_testbench.tb_2.receive ;
T_1.4 ;
    %wait E_0x589c9dfac7b0;
    %load/vec4 v0x589c9dfaeba0_0;
    %flag_set/vec4 8;
    %jmp/0xz  T_1.5, 8;
    %vpi_func 7 68 "$size" 32, v0x589c9dfaf220_0 {0 0 0};
    %cmpi/e 0, 0, 32;
    %jmp/0xz  T_1.7, 4;
    %vpi_call/w 7 70 "$display", "FAIL %s", "04_13_put_in_order/testbench_2.sv" {0 0 0};
    %vpi_func 7 73 "$size" 32, v0x589c9dfaf220_0 {0 0 0};
    %vpi_func/s 7 73 "$sformatf", "queue.size ():%0d", S<0,vec4,s32> {1 0 0};
    %vpi_call/w 7 72 "$display", "++ TEST     => {%s}", S<0,str> {0 0 1};
    %vpi_call/w 7 75 "$finish", 32'sb00000000000000000000000000000001 {0 0 0};
    %jmp T_1.8;
T_1.7 ;
    %qpop/f/v v0x589c9dfaf220_0, 8;
    %store/vec4 v0x589c9dfaea90_0, 0, 8;
    %load/vec4 v0x589c9dfae9a0_0;
    %load/vec4 v0x589c9dfaea90_0;
    %cmp/ne;
    %jmp/0xz  T_1.9, 6;
    %vpi_call/w 7 83 "$display", "FAIL %s", "04_13_put_in_order/testbench_2.sv" {0 0 0};
    %vpi_func/s 7 86 "$sformatf", "down_data:%h", v0x589c9dfae9a0_0 {0 0 0};
    %vpi_func/s 7 86 "$sformatf", "down_data_expected:%h", v0x589c9dfaea90_0 {0 0 0};
    %vpi_call/w 7 85 "$display", "++ TEST     => {%s, %s}", S<1,str>, S<0,str> {0 0 2};
    %vpi_call/w 7 88 "$finish", 32'sb00000000000000000000000000000001 {0 0 0};
T_1.9 ;
T_1.8 ;
T_1.5 ;
    %jmp T_1.4;
    %end;
S_0x589c9dfad900 .scope task, "run" "run" 7 221, 7 221 0, S_0x589c9dfab880;
 .timescale 0 0;
E_0x589c9df8b510 .event negedge, v0x589c9dfad410_0;
TD_testbench.tb_2.run ;
    %wait E_0x589c9df8b510;
    %fork t_1, S_0x589c9dfad900;
    %fork t_2, S_0x589c9dfad900;
    %fork t_3, S_0x589c9dfad900;
    %join;
    %join/detach 2;
    %jmp t_0;
t_1 ;
    %pushi/vec4 1000, 0, 32;
    %store/vec4 v0x589c9dfae630_0, 0, 32;
    %fork TD_testbench.tb_2.send, S_0x589c9dfadb70;
    %join;
    %end;
t_2 ;
    %fork TD_testbench.tb_2.receive, S_0x589c9dfad770;
    %join;
    %end;
t_3 ;
    %pushi/vec4 10000, 0, 32;
T_2.11 %dup/vec4;
    %pushi/vec4 0, 0, 32;
    %cmp/s;
    %jmp/1xz T_2.12, 5;
    %jmp/1 T_2.12, 4;
    %pushi/vec4 1, 0, 32;
    %sub;
    %wait E_0x589c9dfac7b0;
    %jmp T_2.11;
T_2.12 ;
    %pop/vec4 1;
    %vpi_call/w 7 238 "$display", "FAIL: timeout!" {0 0 0};
    %vpi_call/w 7 239 "$finish", 32'sb00000000000000000000000000000001 {0 0 0};
    %end;
    .scope S_0x589c9dfad900;
t_0 ;
    %vpi_call/w 7 243 "$display", "\012PASS %s", "04_13_put_in_order/testbench_2.sv" {0 0 0};
    %end;
S_0x589c9dfadb70 .scope task, "send" "send" 7 115, 7 115 0, S_0x589c9dfab880;
 .timescale 0 0;
v0x589c9dfae630_0 .var/2s "n_reps", 31 0;
TD_testbench.tb_2.send ;
    %pushi/vec4 0, 0, 4;
    %store/vec4 v0x589c9dfaf140_0, 0, 4;
    %pushi/vec4 0, 0, 10;
    %store/vec4 v0x589c9dfaec40_0, 0, 10;
    %fork t_5, S_0x589c9dfadd50;
    %jmp t_4;
    .scope S_0x589c9dfadd50;
t_5 ;
    %pushi/vec4 0, 0, 32;
    %store/vec4 v0x589c9dfae530_0, 0, 32;
T_3.13 ;
    %load/vec4 v0x589c9dfae530_0;
    %load/vec4 v0x589c9dfae630_0;
    %cmp/s;
    %jmp/1 T_3.15, 5;
    %flag_mov 8, 5;
    %load/vec4 v0x589c9dfaec40_0;
    %cmpi/ne 0, 0, 10;
    %flag_or 4, 8;
    %flag_mov 5, 4;
T_3.15;
    %jmp/0xz T_3.14, 5;
    %fork t_7, S_0x589c9dfadf50;
    %jmp t_6;
    .scope S_0x589c9dfadf50;
t_7 ;
    %pushi/vec4 0, 0, 32;
    %store/vec4 v0x589c9dfae150_0, 0, 32;
T_3.16 ;
    %load/vec4 v0x589c9dfae150_0;
    %cmpi/s 10, 0, 32;
    %jmp/0xz T_3.17, 5;
    %load/vec4 v0x589c9dfaf050_0;
    %load/vec4 v0x589c9dfae150_0;
    %pad/s 34;
    %muli 4, 0, 34;
    %part/s 4;
    %pad/u 32;
    %cmpi/u 0, 0, 32;
    %flag_or 5, 4; GT is !LE
    %flag_inv 5;
    %jmp/0xz  T_3.18, 5;
    ; show_stmt_assign_vector: Get l-value for compressed -= operand
    %load/vec4 v0x589c9dfaf050_0;
    %load/vec4 v0x589c9dfae150_0;
    %pad/s 34;
    %muli 4, 0, 34;
    %dup/vec4;
    %ix/vec4 4;
    %flag_mov 8, 4;
    %part/u 4;
    %pushi/vec4 1, 0, 4;
    %sub;
    %flag_mov 4, 8;
    %store/vec4 v0x589c9dfaf050_0, 4, 4;
T_3.18 ;
    ; show_stmt_assign_vector: Get l-value for compressed += operand
    %load/vec4 v0x589c9dfae150_0;
    %pushi/vec4 1, 0, 32;
    %add;
    %cast2;
    %store/vec4 v0x589c9dfae150_0, 0, 32;
    %jmp T_3.16;
T_3.17 ;
    %end;
    .scope S_0x589c9dfadd50;
t_6 %join;
    %vpi_func 7 128 "$urandom_range" 32, 32'sb00000000000000000000000000000000, 32'sb00000000000000000000000001100100 {0 0 0};
    %cmpi/u 80, 0, 32;
    %jmp/0xz  T_3.20, 5;
    %load/vec4 v0x589c9dfaec40_0;
    %load/vec4 v0x589c9dfaf140_0;
    %part/u 1;
    %inv;
    %flag_set/vec4 8;
    %jmp/0xz  T_3.22, 8;
    %jmp T_3.23;
T_3.22 ;
    %vpi_call/w 7 130 "$error" {0 0 0};
T_3.23 ;
    %pushi/vec4 1, 0, 1;
    %ix/getv 4, v0x589c9dfaf140_0;
    %store/vec4 v0x589c9dfaec40_0, 4, 1;
    %load/vec4 v0x589c9dfae7f0_0;
    %cmpi/u 30, 0, 32;
    %jmp/0xz  T_3.24, 5;
    %load/vec4 v0x589c9dfae7f0_0;
    %dup/vec4;
    %pushi/vec4 1, 0, 32;
    %add;
    %store/vec4 v0x589c9dfae7f0_0, 0, 32;
    %pad/u 8;
    %load/vec4 v0x589c9dfaf140_0;
    %pad/u 7;
    %muli 8, 0, 7;
    %ix/vec4 4;
    %store/vec4 v0x589c9dfaed00_0, 4, 8;
    %jmp T_3.25;
T_3.24 ;
    %vpi_func 7 137 "$urandom" 32 {0 0 0};
    %pad/u 8;
    %load/vec4 v0x589c9dfaf140_0;
    %pad/u 7;
    %muli 8, 0, 7;
    %ix/vec4 4;
    %store/vec4 v0x589c9dfaed00_0, 4, 8;
T_3.25 ;
    %vpi_func 7 139 "$urandom_range" 32, 32'sb00000000000000000000000000000000, 32'b00000000000000000000000000001001 {0 0 0};
    %pad/u 4;
    %load/vec4 v0x589c9dfaf140_0;
    %pad/u 6;
    %muli 4, 0, 6;
    %ix/vec4 4;
    %store/vec4 v0x589c9dfaf050_0, 4, 4;
    %ix/load 4, 0, 0;
    %load/vec4 v0x589c9dfaed00_0;
    %load/vec4 v0x589c9dfaf140_0;
    %pad/u 7;
    %muli 8, 0, 7;
    %part/u 8;
    %store/qb/v v0x589c9dfaf220_0, 4, 8;
    %load/vec4 v0x589c9dfaf140_0;
    %cmpi/e 9, 0, 4;
    %jmp/0xz  T_3.26, 4;
    %pushi/vec4 0, 0, 4;
    %store/vec4 v0x589c9dfaf140_0, 0, 4;
    %jmp T_3.27;
T_3.26 ;
    ; show_stmt_assign_vector: Get l-value for compressed += operand
    %load/vec4 v0x589c9dfaf140_0;
    %pushi/vec4 1, 0, 4;
    %add;
    %store/vec4 v0x589c9dfaf140_0, 0, 4;
T_3.27 ;
T_3.20 ;
    %pushi/vec4 0, 0, 10;
    %assign/vec4 v0x589c9dfaf490_0, 0;
    %pushi/vec4 4294967295, 4294967295, 32;
    %concati/vec4 4294967295, 4294967295, 32;
    %concati/vec4 65535, 65535, 16;
    %assign/vec4 v0x589c9dfaf390_0, 0;
    %fork t_9, S_0x589c9dfae250;
    %jmp t_8;
    .scope S_0x589c9dfae250;
t_9 ;
    %pushi/vec4 0, 0, 32;
    %store/vec4 v0x589c9dfae450_0, 0, 32;
T_3.28 ;
    %load/vec4 v0x589c9dfae450_0;
    %cmpi/s 10, 0, 32;
    %jmp/0xz T_3.29, 5;
    %load/vec4 v0x589c9dfaec40_0;
    %load/vec4 v0x589c9dfae450_0;
    %part/s 1;
    %flag_set/vec4 9;
    %flag_get/vec4 9;
    %jmp/0 T_3.32, 9;
    %load/vec4 v0x589c9dfaf050_0;
    %load/vec4 v0x589c9dfae450_0;
    %pad/s 34;
    %muli 4, 0, 34;
    %part/s 4;
    %pad/u 32;
    %pushi/vec4 0, 0, 32;
    %cmp/e;
    %flag_get/vec4 4;
    %and;
T_3.32;
    %flag_set/vec4 8;
    %jmp/0xz  T_3.30, 8;
    %pushi/vec4 0, 0, 1;
    %ix/getv/s 4, v0x589c9dfae450_0;
    %store/vec4 v0x589c9dfaec40_0, 4, 1;
    %pushi/vec4 1, 0, 1;
    %ix/load 5, 0, 0;
    %ix/getv/s 4, v0x589c9dfae450_0;
    %assign/vec4/off/d v0x589c9dfaf490_0, 4, 5;
    %load/vec4 v0x589c9dfaed00_0;
    %load/vec4 v0x589c9dfae450_0;
    %pad/s 35;
    %muli 8, 0, 35;
    %part/s 8;
    %ix/load 5, 0, 0;
    %load/vec4 v0x589c9dfae450_0;
    %pad/s 35;
    %muli 8, 0, 35;
    %ix/vec4/s 4;
    %assign/vec4/off/d v0x589c9dfaf390_0, 4, 5;
T_3.30 ;
    ; show_stmt_assign_vector: Get l-value for compressed += operand
    %load/vec4 v0x589c9dfae450_0;
    %pushi/vec4 1, 0, 32;
    %add;
    %cast2;
    %store/vec4 v0x589c9dfae450_0, 0, 32;
    %jmp T_3.28;
T_3.29 ;
    %end;
    .scope S_0x589c9dfadd50;
t_8 %join;
    %load/vec4 v0x589c9dfaec40_0;
    %assign/vec4 v0x589c9dfaef70_0, 0;
    %load/vec4 v0x589c9dfaed00_0;
    %assign/vec4 v0x589c9dfaedf0_0, 0;
    %wait E_0x589c9dfac7b0;
    ; show_stmt_assign_vector: Get l-value for compressed += operand
    %load/vec4 v0x589c9dfae530_0;
    %pushi/vec4 1, 0, 32;
    %add;
    %cast2;
    %store/vec4 v0x589c9dfae530_0, 0, 32;
    %jmp T_3.13;
T_3.14 ;
    %end;
    .scope S_0x589c9dfadb70;
t_4 %join;
    %pushi/vec4 0, 0, 10;
    %assign/vec4 v0x589c9dfaf490_0, 0;
    %pushi/vec4 4294967295, 4294967295, 32;
    %concati/vec4 4294967295, 4294967295, 32;
    %concati/vec4 65535, 65535, 16;
    %assign/vec4 v0x589c9dfaf390_0, 0;
    %pushi/vec4 10, 0, 32;
T_3.33 %dup/vec4;
    %pushi/vec4 0, 0, 32;
    %cmp/s;
    %jmp/1xz T_3.34, 5;
    %jmp/1 T_3.34, 4;
    %pushi/vec4 1, 0, 32;
    %sub;
    %wait E_0x589c9dfac7b0;
    %jmp T_3.33;
T_3.34 ;
    %pop/vec4 1;
    %end;
S_0x589c9dfadd50 .scope begin, "$ivl_for_loop4" "$ivl_for_loop4" 7 120, 7 120 0, S_0x589c9dfadb70;
 .timescale 0 0;
v0x589c9dfae530_0 .var/2s "rep", 31 0;
S_0x589c9dfadf50 .scope begin, "$ivl_for_loop5" "$ivl_for_loop5" 7 122, 7 122 0, S_0x589c9dfadd50;
 .timescale 0 0;
v0x589c9dfae150_0 .var/2s "i", 31 0;
S_0x589c9dfae250 .scope begin, "$ivl_for_loop6" "$ivl_for_loop6" 7 151, 7 151 0, S_0x589c9dfadd50;
 .timescale 0 0;
v0x589c9dfae450_0 .var/2s "i", 31 0;
    .scope S_0x589c9dfa5ed0;
T_4 ;
    %pushi/vec4 0, 0, 16;
    %assign/vec4 v0x589c9dfa6740_0, 0;
    %pushi/vec4 0, 0, 2;
    %assign/vec4 v0x589c9dfa6950_0, 0;
    %pushi/vec4 1, 0, 1;
    %assign/vec4 v0x589c9dfa6b10_0, 0;
    %wait E_0x589c9dfa6360;
T_4.0 ;
T_4.1 ;
    %load/vec4 v0x589c9dfa6c70_0;
    %inv;
    %flag_set/vec4 8;
    %jmp/0xz T_4.2, 8;
    %wait E_0x589c9df8b3b0;
    %jmp T_4.1;
T_4.2 ;
    %pushi/vec4 0, 0, 1;
    %assign/vec4 v0x589c9dfa6b10_0, 0;
    %load/vec4 v0x589c9dfa66a0_0;
    %assign/vec4 v0x589c9dfa6740_0, 0;
    %load/vec4 v0x589c9dfa6a30_0;
    %assign/vec4 v0x589c9dfa6950_0, 0;
    %load/vec4 v0x589c9dfa6950_0;
    %pad/u 32;
T_4.3 %dup/vec4;
    %pushi/vec4 0, 0, 32;
    %cmp/u;
    %jmp/1 T_4.4, 4;
    %pushi/vec4 1, 0, 32;
    %sub;
    %wait E_0x589c9df8b3b0;
    %jmp T_4.3;
T_4.4 ;
    %pop/vec4 1;
    %pushi/vec4 1, 0, 1;
    %assign/vec4 v0x589c9dfa6b10_0, 0;
    %wait E_0x589c9df8b3b0;
    %event E_0x589c9dfa63c0;
    %jmp T_4.0;
    %end;
    .thread T_4;
    .scope S_0x589c9dfa5ed0;
T_5 ;
    %pushi/vec4 0, 0, 1;
    %assign/vec4 v0x589c9dfa6d10_0, 0;
    %pushi/vec4 0, 0, 16;
    %assign/vec4 v0x589c9dfa6870_0, 0;
    %wait E_0x589c9dfa62e0;
T_5.0 ;
    %wait E_0x589c9dfa63c0;
    %pushi/vec4 1, 0, 1;
    %assign/vec4 v0x589c9dfa6d10_0, 0;
    %load/vec4 v0x589c9dfa6740_0;
    %assign/vec4 v0x589c9dfa6870_0, 0;
    %wait E_0x589c9df8b3b0;
    %pushi/vec4 0, 0, 1;
    %assign/vec4 v0x589c9dfa6d10_0, 0;
    %jmp T_5.0;
    %end;
    .thread T_5;
    .scope S_0x589c9dfa5ed0;
T_6 ;
T_6.0 ;
    %wait E_0x589c9df8b3b0;
    %load/vec4 v0x589c9dfa6c70_0;
    %flag_set/vec4 9;
    %flag_get/vec4 9;
    %jmp/0 T_6.3, 9;
    %load/vec4 v0x589c9dfa6b10_0;
    %nor/r;
    %and;
T_6.3;
    %flag_set/vec4 8;
    %jmp/0xz  T_6.1, 8;
    %vpi_call/w 6 79 "$warning", "Repeated vld_in when block in process. Current vld_in will be ignored. Time: ", $realtime {0 0 0};
T_6.1 ;
    %jmp T_6.0;
    %end;
    .thread T_6;
    .scope S_0x589c9dfa71d0;
T_7 ;
    %pushi/vec4 0, 0, 16;
    %assign/vec4 v0x589c9dfa7ac0_0, 0;
    %pushi/vec4 0, 0, 2;
    %assign/vec4 v0x589c9dfa7cb0_0, 0;
    %pushi/vec4 1, 0, 1;
    %assign/vec4 v0x589c9dfa7e70_0, 0;
    %wait E_0x589c9dfa76c0;
T_7.0 ;
T_7.1 ;
    %load/vec4 v0x589c9dfa7fd0_0;
    %inv;
    %flag_set/vec4 8;
    %jmp/0xz T_7.2, 8;
    %wait E_0x589c9df8b3b0;
    %jmp T_7.1;
T_7.2 ;
    %pushi/vec4 0, 0, 1;
    %assign/vec4 v0x589c9dfa7e70_0, 0;
    %load/vec4 v0x589c9dfa7a20_0;
    %assign/vec4 v0x589c9dfa7ac0_0, 0;
    %load/vec4 v0x589c9dfa7d90_0;
    %assign/vec4 v0x589c9dfa7cb0_0, 0;
    %load/vec4 v0x589c9dfa7cb0_0;
    %pad/u 32;
T_7.3 %dup/vec4;
    %pushi/vec4 0, 0, 32;
    %cmp/u;
    %jmp/1 T_7.4, 4;
    %pushi/vec4 1, 0, 32;
    %sub;
    %wait E_0x589c9df8b3b0;
    %jmp T_7.3;
T_7.4 ;
    %pop/vec4 1;
    %pushi/vec4 1, 0, 1;
    %assign/vec4 v0x589c9dfa7e70_0, 0;
    %wait E_0x589c9df8b3b0;
    %event E_0x589c9dfa7720;
    %jmp T_7.0;
    %end;
    .thread T_7;
    .scope S_0x589c9dfa71d0;
T_8 ;
    %pushi/vec4 0, 0, 1;
    %assign/vec4 v0x589c9dfa8090_0, 0;
    %pushi/vec4 0, 0, 16;
    %assign/vec4 v0x589c9dfa7bd0_0, 0;
    %wait E_0x589c9dfa7640;
T_8.0 ;
    %wait E_0x589c9dfa7720;
    %pushi/vec4 1, 0, 1;
    %assign/vec4 v0x589c9dfa8090_0, 0;
    %load/vec4 v0x589c9dfa7ac0_0;
    %assign/vec4 v0x589c9dfa7bd0_0, 0;
    %wait E_0x589c9df8b3b0;
    %pushi/vec4 0, 0, 1;
    %assign/vec4 v0x589c9dfa8090_0, 0;
    %jmp T_8.0;
    %end;
    .thread T_8;
    .scope S_0x589c9dfa71d0;
T_9 ;
T_9.0 ;
    %wait E_0x589c9df8b3b0;
    %load/vec4 v0x589c9dfa7fd0_0;
    %flag_set/vec4 9;
    %flag_get/vec4 9;
    %jmp/0 T_9.3, 9;
    %load/vec4 v0x589c9dfa7e70_0;
    %nor/r;
    %and;
T_9.3;
    %flag_set/vec4 8;
    %jmp/0xz  T_9.1, 8;
    %vpi_call/w 6 79 "$warning", "Repeated vld_in when block in process. Current vld_in will be ignored. Time: ", $realtime {0 0 0};
T_9.1 ;
    %jmp T_9.0;
    %end;
    .thread T_9;
    .scope S_0x589c9dfa8550;
T_10 ;
    %pushi/vec4 0, 0, 16;
    %assign/vec4 v0x589c9dfa8e10_0, 0;
    %pushi/vec4 0, 0, 2;
    %assign/vec4 v0x589c9dfa9020_0, 0;
    %pushi/vec4 1, 0, 1;
    %assign/vec4 v0x589c9dfa91e0_0, 0;
    %wait E_0x589c9dfa8a10;
T_10.0 ;
T_10.1 ;
    %load/vec4 v0x589c9dfa9340_0;
    %inv;
    %flag_set/vec4 8;
    %jmp/0xz T_10.2, 8;
    %wait E_0x589c9df8b3b0;
    %jmp T_10.1;
T_10.2 ;
    %pushi/vec4 0, 0, 1;
    %assign/vec4 v0x589c9dfa91e0_0, 0;
    %load/vec4 v0x589c9dfa8d20_0;
    %assign/vec4 v0x589c9dfa8e10_0, 0;
    %load/vec4 v0x589c9dfa9100_0;
    %assign/vec4 v0x589c9dfa9020_0, 0;
    %load/vec4 v0x589c9dfa9020_0;
    %pad/u 32;
T_10.3 %dup/vec4;
    %pushi/vec4 0, 0, 32;
    %cmp/u;
    %jmp/1 T_10.4, 4;
    %pushi/vec4 1, 0, 32;
    %sub;
    %wait E_0x589c9df8b3b0;
    %jmp T_10.3;
T_10.4 ;
    %pop/vec4 1;
    %pushi/vec4 1, 0, 1;
    %assign/vec4 v0x589c9dfa91e0_0, 0;
    %wait E_0x589c9df8b3b0;
    %event E_0x589c9dfa8a70;
    %jmp T_10.0;
    %end;
    .thread T_10;
    .scope S_0x589c9dfa8550;
T_11 ;
    %pushi/vec4 0, 0, 1;
    %assign/vec4 v0x589c9dfa9400_0, 0;
    %pushi/vec4 0, 0, 16;
    %assign/vec4 v0x589c9dfa8f40_0, 0;
    %wait E_0x589c9dfa8990;
T_11.0 ;
    %wait E_0x589c9dfa8a70;
    %pushi/vec4 1, 0, 1;
    %assign/vec4 v0x589c9dfa9400_0, 0;
    %load/vec4 v0x589c9dfa8e10_0;
    %assign/vec4 v0x589c9dfa8f40_0, 0;
    %wait E_0x589c9df8b3b0;
    %pushi/vec4 0, 0, 1;
    %assign/vec4 v0x589c9dfa9400_0, 0;
    %jmp T_11.0;
    %end;
    .thread T_11;
    .scope S_0x589c9dfa8550;
T_12 ;
T_12.0 ;
    %wait E_0x589c9df8b3b0;
    %load/vec4 v0x589c9dfa9340_0;
    %flag_set/vec4 9;
    %flag_get/vec4 9;
    %jmp/0 T_12.3, 9;
    %load/vec4 v0x589c9dfa91e0_0;
    %nor/r;
    %and;
T_12.3;
    %flag_set/vec4 8;
    %jmp/0xz  T_12.1, 8;
    %vpi_call/w 6 79 "$warning", "Repeated vld_in when block in process. Current vld_in will be ignored. Time: ", $realtime {0 0 0};
T_12.1 ;
    %jmp T_12.0;
    %end;
    .thread T_12;
    .scope S_0x589c9dfa9870;
T_13 ;
    %pushi/vec4 0, 0, 16;
    %assign/vec4 v0x589c9dfaa0e0_0, 0;
    %pushi/vec4 0, 0, 2;
    %assign/vec4 v0x589c9dfaa2a0_0, 0;
    %pushi/vec4 1, 0, 1;
    %assign/vec4 v0x589c9dfaa460_0, 0;
    %wait E_0x589c9dfa9d30;
T_13.0 ;
T_13.1 ;
    %load/vec4 v0x589c9dfaa6e0_0;
    %inv;
    %flag_set/vec4 8;
    %jmp/0xz T_13.2, 8;
    %wait E_0x589c9df8b3b0;
    %jmp T_13.1;
T_13.2 ;
    %pushi/vec4 0, 0, 1;
    %assign/vec4 v0x589c9dfaa460_0, 0;
    %load/vec4 v0x589c9dfaa040_0;
    %assign/vec4 v0x589c9dfaa0e0_0, 0;
    %load/vec4 v0x589c9dfaa380_0;
    %assign/vec4 v0x589c9dfaa2a0_0, 0;
    %load/vec4 v0x589c9dfaa2a0_0;
    %pad/u 32;
T_13.3 %dup/vec4;
    %pushi/vec4 0, 0, 32;
    %cmp/u;
    %jmp/1 T_13.4, 4;
    %pushi/vec4 1, 0, 32;
    %sub;
    %wait E_0x589c9df8b3b0;
    %jmp T_13.3;
T_13.4 ;
    %pop/vec4 1;
    %pushi/vec4 1, 0, 1;
    %assign/vec4 v0x589c9dfaa460_0, 0;
    %wait E_0x589c9df8b3b0;
    %event E_0x589c9dfa9d90;
    %jmp T_13.0;
    %end;
    .thread T_13;
    .scope S_0x589c9dfa9870;
T_14 ;
    %pushi/vec4 0, 0, 1;
    %assign/vec4 v0x589c9dfaa7a0_0, 0;
    %pushi/vec4 0, 0, 16;
    %assign/vec4 v0x589c9dfaa1c0_0, 0;
    %wait E_0x589c9dfa9cb0;
T_14.0 ;
    %wait E_0x589c9dfa9d90;
    %pushi/vec4 1, 0, 1;
    %assign/vec4 v0x589c9dfaa7a0_0, 0;
    %load/vec4 v0x589c9dfaa0e0_0;
    %assign/vec4 v0x589c9dfaa1c0_0, 0;
    %wait E_0x589c9df8b3b0;
    %pushi/vec4 0, 0, 1;
    %assign/vec4 v0x589c9dfaa7a0_0, 0;
    %jmp T_14.0;
    %end;
    .thread T_14;
    .scope S_0x589c9dfa9870;
T_15 ;
T_15.0 ;
    %wait E_0x589c9df8b3b0;
    %load/vec4 v0x589c9dfaa6e0_0;
    %flag_set/vec4 9;
    %flag_get/vec4 9;
    %jmp/0 T_15.3, 9;
    %load/vec4 v0x589c9dfaa460_0;
    %nor/r;
    %and;
T_15.3;
    %flag_set/vec4 8;
    %jmp/0xz  T_15.1, 8;
    %vpi_call/w 6 79 "$warning", "Repeated vld_in when block in process. Current vld_in will be ignored. Time: ", $realtime {0 0 0};
T_15.1 ;
    %jmp T_15.0;
    %end;
    .thread T_15;
    .scope S_0x589c9dfa4c60;
T_16 ;
    %pushi/vec4 0, 0, 32;
    %store/vec4 v0x589c9df65b50_0, 0, 32;
    %end;
    .thread T_16, $init;
    .scope S_0x589c9dfa4c60;
T_17 ;
    %wait E_0x589c9df8b3b0;
    %load/vec4 v0x589c9dfa58e0_0;
    %flag_set/vec4 8;
    %jmp/0xz  T_17.0, 8;
    %fork t_11, S_0x589c9dfa4f90;
    %jmp t_10;
    .scope S_0x589c9dfa4f90;
t_11 ;
    %pushi/vec4 0, 0, 32;
    %store/vec4 v0x589c9df5e330_0, 0, 32;
T_17.2 ;
    %load/vec4 v0x589c9df5e330_0;
    %cmpi/s 4, 0, 32;
    %jmp/0xz T_17.3, 5;
    %pushi/vec4 0, 0, 17;
    %ix/getv/s 3, v0x589c9df5e330_0;
    %ix/load 4, 0, 0; Constant delay
    %assign/vec4/a/d v0x589c9dfa54b0, 0, 4;
    ; show_stmt_assign_vector: Get l-value for compressed += operand
    %load/vec4 v0x589c9df5e330_0;
    %pushi/vec4 1, 0, 32;
    %add;
    %cast2;
    %store/vec4 v0x589c9df5e330_0, 0, 32;
    %jmp T_17.2;
T_17.3 ;
    %end;
    .scope S_0x589c9dfa4c60;
t_10 %join;
    %jmp T_17.1;
T_17.0 ;
    %fork t_13, S_0x589c9dfa51f0;
    %jmp t_12;
    .scope S_0x589c9dfa51f0;
t_13 ;
    %pushi/vec4 0, 0, 32;
    %store/vec4 v0x589c9df5ec30_0, 0, 32;
T_17.4 ;
    %load/vec4 v0x589c9df5ec30_0;
    %cmpi/s 4, 0, 32;
    %jmp/0xz T_17.5, 5;
    %load/vec4 v0x589c9dfa5a60_0;
    %load/vec4 v0x589c9df5ec30_0;
    %part/s 1;
    %flag_set/vec4 8;
    %jmp/0xz  T_17.6, 8;
    %load/vec4 v0x589c9dfa59a0_0;
    %load/vec4 v0x589c9df5ec30_0;
    %pad/s 36;
    %muli 16, 0, 36;
    %part/s 16;
    %concati/vec4 1, 0, 1;
    %ix/getv/s 3, v0x589c9df5ec30_0;
    %ix/load 4, 0, 0; Constant delay
    %assign/vec4/a/d v0x589c9dfa54b0, 0, 4;
T_17.6 ;
    ; show_stmt_assign_vector: Get l-value for compressed += operand
    %load/vec4 v0x589c9df5ec30_0;
    %pushi/vec4 1, 0, 32;
    %add;
    %cast2;
    %store/vec4 v0x589c9df5ec30_0, 0, 32;
    %jmp T_17.4;
T_17.5 ;
    %end;
    .scope S_0x589c9dfa4c60;
t_12 %join;
T_17.1 ;
    %jmp T_17;
    .thread T_17;
    .scope S_0x589c9dfa4c60;
T_18 ;
    %wait E_0x589c9df8b3b0;
    %load/vec4 v0x589c9dfa58e0_0;
    %flag_set/vec4 8;
    %jmp/0xz  T_18.0, 8;
    %pushi/vec4 0, 0, 1;
    %assign/vec4 v0x589c9dfa5820_0, 0;
    %jmp T_18.1;
T_18.0 ;
    %ix/getv/s 4, v0x589c9df65b50_0;
    %load/vec4a v0x589c9dfa54b0, 4;
    %parti/s 1, 0, 2;
    %flag_set/vec4 8;
    %jmp/0xz  T_18.2, 8;
    %pushi/vec4 1, 0, 1;
    %assign/vec4 v0x589c9dfa5820_0, 0;
    %ix/getv/s 4, v0x589c9df65b50_0;
    %load/vec4a v0x589c9dfa54b0, 4;
    %parti/s 16, 1, 2;
    %assign/vec4 v0x589c9dfa5630_0, 0;
    %pushi/vec4 0, 0, 17;
    %ix/getv/s 3, v0x589c9df65b50_0;
    %ix/load 4, 0, 0; Constant delay
    %assign/vec4/a/d v0x589c9dfa54b0, 0, 4;
    ; show_stmt_assign_vector: Get l-value for compressed += operand
    %load/vec4 v0x589c9df65b50_0;
    %pushi/vec4 1, 0, 32;
    %add;
    %cast2;
    %store/vec4 v0x589c9df65b50_0, 0, 32;
    %jmp T_18.3;
T_18.2 ;
    %pushi/vec4 0, 0, 1;
    %assign/vec4 v0x589c9dfa5820_0, 0;
T_18.3 ;
    %load/vec4 v0x589c9df65b50_0;
    %cmpi/e 4, 0, 32;
    %jmp/0xz  T_18.4, 4;
    %pushi/vec4 0, 0, 32;
    %assign/vec4 v0x589c9df65b50_0, 0;
T_18.4 ;
T_18.1 ;
    %jmp T_18;
    .thread T_18;
    .scope S_0x589c9df84480;
T_19 ;
    %pushi/vec4 1, 0, 1;
    %store/vec4 v0x589c9dfaab10_0, 0, 1;
T_19.0 ;
    %delay 5, 0;
    %load/vec4 v0x589c9dfaab10_0;
    %inv;
    %store/vec4 v0x589c9dfaab10_0, 0, 1;
    %jmp T_19.0;
    %end;
    .thread T_19;
    .scope S_0x589c9df84480;
T_20 ;
    %pushi/vec4 0, 0, 2;
    %assign/vec4 v0x589c9dfaae60_0, 0;
T_20.0 ;
    %load/vec4 v0x589c9dfab5f0_0;
    %cmpi/ne 1, 0, 1;
    %jmp/0xz T_20.1, 6;
    %wait E_0x589c9df293e0;
    %jmp T_20.0;
T_20.1 ;
    %wait E_0x589c9df8b3b0;
T_20.2 ;
    %load/vec4 v0x589c9dfaae60_0;
    %addi 1, 0, 2;
    %assign/vec4 v0x589c9dfaae60_0, 0;
    %load/vec4 v0x589c9dfaae60_0;
    %cmpi/u 3, 0, 2;
    %flag_inv 5; GE is !LT
    %jmp/0xz  T_20.3, 5;
    %pushi/vec4 0, 0, 2;
    %assign/vec4 v0x589c9dfaae60_0, 0;
T_20.3 ;
    %wait E_0x589c9df8b3b0;
    %jmp T_20.2;
    %end;
    .thread T_20;
    .scope S_0x589c9df84480;
T_21 ;
Ewait_0 .event/or E_0x589c9df0b7c0, E_0x0;
    %wait Ewait_0;
    %pushi/vec4 0, 0, 4;
    %store/vec4 v0x589c9dfab470_0, 0, 4;
    %load/vec4 v0x589c9dfab5f0_0;
    %flag_set/vec4 8;
    %jmp/0xz  T_21.0, 8;
    %pushi/vec4 0, 0, 4;
    %store/vec4 v0x589c9dfab470_0, 0, 4;
    %pushi/vec4 1, 0, 1;
    %ix/getv 4, v0x589c9dfaae60_0;
    %store/vec4 v0x589c9dfab470_0, 4, 1;
T_21.0 ;
    %jmp T_21;
    .thread T_21, $push;
    .scope S_0x589c9df84480;
T_22 ;
    %wait E_0x589c9df8b3b0;
    %load/vec4 v0x589c9dfab550_0;
    %flag_set/vec4 8;
    %jmp/0xz  T_22.0, 8;
    %pushi/vec4 0, 0, 16;
    %assign/vec4 v0x589c9dfaabd0_0, 0;
    %jmp T_22.1;
T_22.0 ;
    %load/vec4 v0x589c9dfab5f0_0;
    %flag_set/vec4 8;
    %jmp/0xz  T_22.2, 8;
    %load/vec4 v0x589c9dfaabd0_0;
    %addi 1, 0, 16;
    %assign/vec4 v0x589c9dfaabd0_0, 0;
T_22.2 ;
T_22.1 ;
    %jmp T_22;
    .thread T_22;
    .scope S_0x589c9df84480;
T_23 ;
    %pushi/vec4 0, 0, 15;
    %store/vec4 v0x589c9dfaaf20_0, 0, 15;
T_23.0 ;
    %load/vec4 v0x589c9dfab5f0_0;
    %cmpi/ne 1, 0, 1;
    %jmp/0xz T_23.1, 6;
    %wait E_0x589c9df293e0;
    %jmp T_23.0;
T_23.1 ;
    %wait E_0x589c9df8b3b0;
T_23.2 ;
    %pushi/vec4 4, 0, 32;
T_23.3 %dup/vec4;
    %pushi/vec4 0, 0, 32;
    %cmp/s;
    %jmp/1xz T_23.4, 5;
    %jmp/1 T_23.4, 4;
    %pushi/vec4 1, 0, 32;
    %sub;
    %wait E_0x589c9df8b3b0;
    %jmp T_23.3;
T_23.4 ;
    %pop/vec4 1;
    %load/vec4 v0x589c9dfaaf20_0;
    %parti/s 3, 0, 2;
    %addi 1, 0, 3;
    %ix/load 4, 0, 0;
    %flag_set/imm 4, 0;
    %store/vec4 v0x589c9dfaaf20_0, 4, 3;
    %fork t_15, S_0x589c9df60fd0;
    %jmp t_14;
    .scope S_0x589c9df60fd0;
t_15 ;
    %pushi/vec4 0, 0, 32;
    %store/vec4 v0x589c9df63df0_0, 0, 32;
T_23.5 ;
    %load/vec4 v0x589c9df63df0_0;
    %cmpi/s 4, 0, 32;
    %jmp/0xz T_23.6, 5;
    %load/vec4 v0x589c9dfaaf20_0;
    %load/vec4 v0x589c9df63df0_0;
    %pad/s 34;
    %muli 3, 0, 34;
    %part/s 3;
    %pad/u 32;
    %cmpi/u 4, 0, 32;
    %flag_inv 5; GE is !LT
    %jmp/0xz  T_23.7, 5;
    %pushi/vec4 0, 0, 3;
    %load/vec4 v0x589c9df63df0_0;
    %pad/s 34;
    %muli 3, 0, 34;
    %ix/vec4/s 4;
    %store/vec4 v0x589c9dfaaf20_0, 4, 3;
    %load/vec4 v0x589c9dfaaf20_0;
    %load/vec4 v0x589c9df63df0_0;
    %addi 1, 0, 32;
    %pad/s 34;
    %muli 3, 0, 34;
    %part/s 3;
    %addi 1, 0, 3;
    %load/vec4 v0x589c9df63df0_0;
    %addi 1, 0, 32;
    %pad/s 34;
    %muli 3, 0, 34;
    %ix/vec4/s 4;
    %store/vec4 v0x589c9dfaaf20_0, 4, 3;
T_23.7 ;
    %load/vec4 v0x589c9df63df0_0;
    %addi 1, 0, 32;
    %cast2;
    %store/vec4 v0x589c9df63df0_0, 0, 32;
    %jmp T_23.5;
T_23.6 ;
    %end;
    .scope S_0x589c9df84480;
t_14 %join;
    %load/vec4 v0x589c9dfaaf20_0;
    %parti/s 3, 12, 5;
    %cmpi/u 0, 0, 3;
    %flag_or 5, 4; GT is !LE
    %flag_inv 5;
    %jmp/0xz  T_23.9, 5;
    %event E_0x589c9df8b2a0;
T_23.9 ;
    %jmp T_23.2;
    %end;
    .thread T_23;
    .scope S_0x589c9df84480;
T_24 ;
    %pushi/vec4 0, 0, 1;
    %assign/vec4 v0x589c9dfab5f0_0, 0;
    %fork TD_testbench.tb_1.reset, S_0x589c9dfaa980;
    %join;
    %pushi/vec4 1, 0, 1;
    %assign/vec4 v0x589c9dfab5f0_0, 0;
    %wait E_0x589c9df8b2a0;
    %pushi/vec4 0, 0, 1;
    %assign/vec4 v0x589c9dfab5f0_0, 0;
    %pushi/vec4 5, 0, 32;
T_24.0 %dup/vec4;
    %pushi/vec4 0, 0, 32;
    %cmp/s;
    %jmp/1xz T_24.1, 5;
    %jmp/1 T_24.1, 4;
    %pushi/vec4 1, 0, 32;
    %sub;
    %wait E_0x589c9df8b3b0;
    %jmp T_24.0;
T_24.1 ;
    %pop/vec4 1;
    %event E_0x589c9df8b550;
    %wait E_0x589c9df8b3b0;
    %vpi_call/w 4 170 "$finish" {0 0 0};
    %end;
    .thread T_24;
    .scope S_0x589c9df84480;
T_25 ;
T_25.0 ;
    %wait E_0x589c9df8b3b0;
    %load/vec4 v0x589c9dfab5f0_0;
    %flag_set/vec4 8;
    %jmp/0xz  T_25.1, 8;
    %ix/load 4, 0, 0;
    %load/vec4 v0x589c9dfaabd0_0;
    %store/qb/v v0x589c9dfaad20_0, 4, 16;
T_25.1 ;
    %jmp T_25.0;
    %end;
    .thread T_25;
    .scope S_0x589c9df84480;
T_26 ;
T_26.0 ;
    %wait E_0x589c9df8b3b0;
    %load/vec4 v0x589c9dfab0d0_0;
    %flag_set/vec4 8;
    %jmp/0xz  T_26.1, 8;
    %ix/load 4, 0, 0;
    %load/vec4 v0x589c9dfaafe0_0;
    %store/qb/v v0x589c9dfaadc0_0, 4, 16;
T_26.1 ;
    %jmp T_26.0;
    %end;
    .thread T_26;
    .scope S_0x589c9df84480;
T_27 ;
    %wait E_0x589c9df8b550;
    %pushi/vec4 0, 0, 1;
    %store/vec4 v0x589c9dfab1a0_0, 0, 1;
    %vpi_func 4 213 "$size" 32, v0x589c9dfaad20_0 {0 0 0};
    %vpi_call/w 4 213 "$info", "Qeueue size: %d", S<0,vec4,s32> {1 0 0};
    %fork t_17, S_0x589c9dfa4a20;
    %jmp t_16;
    .scope S_0x589c9dfa4a20;
t_17 ;
    %pushi/vec4 0, 0, 32;
    %store/vec4 v0x589c9df5d8f0_0, 0, 32;
T_27.0 ;
    %load/vec4 v0x589c9df5d8f0_0;
    %vpi_func 4 215 "$size" 32, v0x589c9dfaad20_0 {0 0 0};
    %cmp/s;
    %jmp/0xz T_27.1, 5;
    %qpop/f/v v0x589c9dfaad20_0, 16;
    %store/vec4 v0x589c9dfab390_0, 0, 16;
    %qpop/f/v v0x589c9dfaadc0_0, 16;
    %store/vec4 v0x589c9dfab2d0_0, 0, 16;
    %load/vec4 v0x589c9dfab390_0;
    %load/vec4 v0x589c9dfab2d0_0;
    %cmp/ne;
    %jmp/0xz  T_27.2, 6;
    %vpi_call/w 4 220 "$warning", "Test failed. Expected output %d, but get %d", v0x589c9dfab390_0, v0x589c9dfab2d0_0 {0 0 0};
    %pushi/vec4 1, 0, 1;
    %store/vec4 v0x589c9dfab1a0_0, 0, 1;
T_27.2 ;
    %load/vec4 v0x589c9df5d8f0_0;
    %addi 1, 0, 32;
    %cast2;
    %store/vec4 v0x589c9df5d8f0_0, 0, 32;
    %jmp T_27.0;
T_27.1 ;
    %end;
    .scope S_0x589c9df84480;
t_16 %join;
    %load/vec4 v0x589c9dfab1a0_0;
    %flag_set/vec4 8;
    %jmp/0xz  T_27.4, 8;
    %vpi_call/w 4 226 "$display", "FAIL %s - see above", "04_13_put_in_order/testbench_1.sv" {0 0 0};
    %jmp T_27.5;
T_27.4 ;
    %vpi_call/w 4 228 "$display", "PASS %s", "04_13_put_in_order/testbench_1.sv" {0 0 0};
T_27.5 ;
    %end;
    .thread T_27;
    .scope S_0x589c9dfac370;
T_28 ;
    %pushi/vec4 0, 0, 32;
    %store/vec4 v0x589c9dfaced0_0, 0, 32;
    %end;
    .thread T_28, $init;
    .scope S_0x589c9dfac370;
T_29 ;
    %wait E_0x589c9dfac7b0;
    %load/vec4 v0x589c9dfad410_0;
    %flag_set/vec4 8;
    %jmp/0xz  T_29.0, 8;
    %fork t_19, S_0x589c9dfac810;
    %jmp t_18;
    .scope S_0x589c9dfac810;
t_19 ;
    %pushi/vec4 0, 0, 32;
    %store/vec4 v0x589c9dfaca10_0, 0, 32;
T_29.2 ;
    %load/vec4 v0x589c9dfaca10_0;
    %cmpi/s 10, 0, 32;
    %jmp/0xz T_29.3, 5;
    %pushi/vec4 0, 0, 9;
    %ix/getv/s 3, v0x589c9dfaca10_0;
    %ix/load 4, 0, 0; Constant delay
    %assign/vec4/a/d v0x589c9dfacfb0, 0, 4;
    ; show_stmt_assign_vector: Get l-value for compressed += operand
    %load/vec4 v0x589c9dfaca10_0;
    %pushi/vec4 1, 0, 32;
    %add;
    %cast2;
    %store/vec4 v0x589c9dfaca10_0, 0, 32;
    %jmp T_29.2;
T_29.3 ;
    %end;
    .scope S_0x589c9dfac370;
t_18 %join;
    %jmp T_29.1;
T_29.0 ;
    %fork t_21, S_0x589c9dfacb10;
    %jmp t_20;
    .scope S_0x589c9dfacb10;
t_21 ;
    %pushi/vec4 0, 0, 32;
    %store/vec4 v0x589c9dfacd10_0, 0, 32;
T_29.4 ;
    %load/vec4 v0x589c9dfacd10_0;
    %cmpi/s 10, 0, 32;
    %jmp/0xz T_29.5, 5;
    %load/vec4 v0x589c9dfad590_0;
    %load/vec4 v0x589c9dfacd10_0;
    %part/s 1;
    %flag_set/vec4 8;
    %jmp/0xz  T_29.6, 8;
    %load/vec4 v0x589c9dfad4d0_0;
    %load/vec4 v0x589c9dfacd10_0;
    %pad/s 35;
    %muli 8, 0, 35;
    %part/s 8;
    %concati/vec4 1, 0, 1;
    %ix/getv/s 3, v0x589c9dfacd10_0;
    %ix/load 4, 0, 0; Constant delay
    %assign/vec4/a/d v0x589c9dfacfb0, 0, 4;
T_29.6 ;
    ; show_stmt_assign_vector: Get l-value for compressed += operand
    %load/vec4 v0x589c9dfacd10_0;
    %pushi/vec4 1, 0, 32;
    %add;
    %cast2;
    %store/vec4 v0x589c9dfacd10_0, 0, 32;
    %jmp T_29.4;
T_29.5 ;
    %end;
    .scope S_0x589c9dfac370;
t_20 %join;
T_29.1 ;
    %jmp T_29;
    .thread T_29;
    .scope S_0x589c9dfac370;
T_30 ;
    %wait E_0x589c9dfac7b0;
    %load/vec4 v0x589c9dfad410_0;
    %flag_set/vec4 8;
    %jmp/0xz  T_30.0, 8;
    %pushi/vec4 0, 0, 1;
    %assign/vec4 v0x589c9dfad350_0, 0;
    %jmp T_30.1;
T_30.0 ;
    %ix/getv/s 4, v0x589c9dfaced0_0;
    %load/vec4a v0x589c9dfacfb0, 4;
    %parti/s 1, 0, 2;
    %flag_set/vec4 8;
    %jmp/0xz  T_30.2, 8;
    %pushi/vec4 1, 0, 1;
    %assign/vec4 v0x589c9dfad350_0, 0;
    %ix/getv/s 4, v0x589c9dfaced0_0;
    %load/vec4a v0x589c9dfacfb0, 4;
    %parti/s 8, 1, 2;
    %assign/vec4 v0x589c9dfad160_0, 0;
    %pushi/vec4 0, 0, 9;
    %ix/getv/s 3, v0x589c9dfaced0_0;
    %ix/load 4, 0, 0; Constant delay
    %assign/vec4/a/d v0x589c9dfacfb0, 0, 4;
    ; show_stmt_assign_vector: Get l-value for compressed += operand
    %load/vec4 v0x589c9dfaced0_0;
    %pushi/vec4 1, 0, 32;
    %add;
    %cast2;
    %store/vec4 v0x589c9dfaced0_0, 0, 32;
    %jmp T_30.3;
T_30.2 ;
    %pushi/vec4 0, 0, 1;
    %assign/vec4 v0x589c9dfad350_0, 0;
T_30.3 ;
    %load/vec4 v0x589c9dfaced0_0;
    %cmpi/e 10, 0, 32;
    %jmp/0xz  T_30.4, 4;
    %pushi/vec4 0, 0, 32;
    %assign/vec4 v0x589c9dfaced0_0, 0;
T_30.4 ;
T_30.1 ;
    %jmp T_30;
    .thread T_30;
    .scope S_0x589c9dfab880;
T_31 ;
    %pushi/vec4 0, 0, 1;
    %store/vec4 v0x589c9dfaf560_0, 0, 1;
    %pushi/vec4 0, 0, 32;
    %store/vec4 v0x589c9dfae7f0_0, 0, 32;
    %pushi/vec4 0, 0, 32;
    %store/vec4 v0x589c9dfae8b0_0, 0, 32;
    %end;
    .thread T_31, $init;
    .scope S_0x589c9dfab880;
T_32 ;
    %pushi/vec4 0, 0, 1;
    %store/vec4 v0x589c9dfae730_0, 0, 1;
T_32.0 ;
    %delay 500, 0;
    %load/vec4 v0x589c9dfae730_0;
    %inv;
    %store/vec4 v0x589c9dfae730_0, 0, 1;
    %jmp T_32.0;
    %end;
    .thread T_32;
    .scope S_0x589c9dfab880;
T_33 ;
    %pushi/vec4 1, 1, 1;
    %assign/vec4 v0x589c9dfaf2c0_0, 0;
    %pushi/vec4 2, 0, 32;
T_33.0 %dup/vec4;
    %pushi/vec4 0, 0, 32;
    %cmp/s;
    %jmp/1xz T_33.1, 5;
    %jmp/1 T_33.1, 4;
    %pushi/vec4 1, 0, 32;
    %sub;
    %wait E_0x589c9dfac7b0;
    %jmp T_33.0;
T_33.1 ;
    %pop/vec4 1;
    %pushi/vec4 1, 0, 1;
    %assign/vec4 v0x589c9dfaf2c0_0, 0;
    %pushi/vec4 2, 0, 32;
T_33.2 %dup/vec4;
    %pushi/vec4 0, 0, 32;
    %cmp/s;
    %jmp/1xz T_33.3, 5;
    %jmp/1 T_33.3, 4;
    %pushi/vec4 1, 0, 32;
    %sub;
    %wait E_0x589c9dfac7b0;
    %jmp T_33.2;
T_33.3 ;
    %pop/vec4 1;
    %pushi/vec4 0, 0, 1;
    %assign/vec4 v0x589c9dfaf2c0_0, 0;
    %end;
    .thread T_33;
    .scope S_0x589c9dfab880;
T_34 ;
    %wait E_0x589c9dfac7b0;
    %load/vec4 v0x589c9dfaf2c0_0;
    %flag_set/vec4 8;
    %jmp/0xz  T_34.0, 8;
    %pushi/vec4 1, 0, 1;
    %assign/vec4 v0x589c9dfaf560_0, 0;
T_34.0 ;
    %jmp T_34;
    .thread T_34;
    .scope S_0x589c9dfab880;
T_35 ;
    %wait E_0x589c9dfac7b0;
    %load/vec4 v0x589c9dfaf560_0;
    %flag_set/vec4 8;
    %jmp/0xz  T_35.0, 8;
    %vpi_call/w 7 186 "$write", "%3d  pending  ", v0x589c9dfae8b0_0 {0 0 0};
    %fork t_23, S_0x589c9dfabe00;
    %jmp t_22;
    .scope S_0x589c9dfabe00;
t_23 ;
    %pushi/vec4 0, 0, 32;
    %store/vec4 v0x589c9dfabf90_0, 0, 32;
T_35.2 ;
    %load/vec4 v0x589c9dfabf90_0;
    %cmpi/s 10, 0, 32;
    %jmp/0xz T_35.3, 5;
    %load/vec4 v0x589c9dfaef70_0;
    %load/vec4 v0x589c9dfabf90_0;
    %part/s 1;
    %flag_set/vec4 8;
    %jmp/0xz  T_35.4, 8;
    %load/vec4 v0x589c9dfaedf0_0;
    %load/vec4 v0x589c9dfabf90_0;
    %pad/s 35;
    %muli 8, 0, 35;
    %part/s 8;
    %vpi_call/w 7 190 "$write", " %h", S<0,vec4,u8> {1 0 0};
    %jmp T_35.5;
T_35.4 ;
    %vpi_call/w 7 192 "$write", "   " {0 0 0};
T_35.5 ;
    ; show_stmt_assign_vector: Get l-value for compressed += operand
    %load/vec4 v0x589c9dfabf90_0;
    %pushi/vec4 1, 0, 32;
    %add;
    %cast2;
    %store/vec4 v0x589c9dfabf90_0, 0, 32;
    %jmp T_35.2;
T_35.3 ;
    %end;
    .scope S_0x589c9dfab880;
t_22 %join;
    %vpi_call/w 7 194 "$display" {0 0 0};
    %vpi_call/w 7 196 "$write", "%3d  up       ", v0x589c9dfae8b0_0 {0 0 0};
    %fork t_25, S_0x589c9dfac090;
    %jmp t_24;
    .scope S_0x589c9dfac090;
t_25 ;
    %pushi/vec4 0, 0, 32;
    %store/vec4 v0x589c9dfac290_0, 0, 32;
T_35.6 ;
    %load/vec4 v0x589c9dfac290_0;
    %cmpi/s 10, 0, 32;
    %jmp/0xz T_35.7, 5;
    %load/vec4 v0x589c9dfaf490_0;
    %load/vec4 v0x589c9dfac290_0;
    %part/s 1;
    %flag_set/vec4 8;
    %jmp/0xz  T_35.8, 8;
    %load/vec4 v0x589c9dfaf390_0;
    %load/vec4 v0x589c9dfac290_0;
    %pad/s 35;
    %muli 8, 0, 35;
    %part/s 8;
    %vpi_call/w 7 200 "$write", " %h", S<0,vec4,u8> {1 0 0};
    %jmp T_35.9;
T_35.8 ;
    %vpi_call/w 7 202 "$write", "   " {0 0 0};
T_35.9 ;
    ; show_stmt_assign_vector: Get l-value for compressed += operand
    %load/vec4 v0x589c9dfac290_0;
    %pushi/vec4 1, 0, 32;
    %add;
    %cast2;
    %store/vec4 v0x589c9dfac290_0, 0, 32;
    %jmp T_35.6;
T_35.7 ;
    %end;
    .scope S_0x589c9dfab880;
t_24 %join;
    %vpi_call/w 7 204 "$display" {0 0 0};
    %vpi_call/w 7 206 "$write", "%3d  down     ", v0x589c9dfae8b0_0 {0 0 0};
    %load/vec4 v0x589c9dfaeba0_0;
    %flag_set/vec4 8;
    %jmp/0xz  T_35.10, 8;
    %vpi_call/w 7 209 "$write", " %h", v0x589c9dfae9a0_0 {0 0 0};
T_35.10 ;
    %vpi_call/w 7 211 "$display", "\012" {0 0 0};
T_35.0 ;
    ; show_stmt_assign_vector: Get l-value for compressed += operand
    %load/vec4 v0x589c9dfae8b0_0;
    %pushi/vec4 1, 0, 32;
    %add;
    %cast2;
    %store/vec4 v0x589c9dfae8b0_0, 0, 32;
    %jmp T_35;
    .thread T_35;
    .scope S_0x589c9df840a0;
T_36 ;
    %pushi/vec4 0, 0, 1;
    %force/vec4 v0x589c9dfaab10_0;
    %fork TD_testbench.tb_2.run, S_0x589c9dfad900;
    %join;
    %release/reg v0x589c9dfaab10_0, 0, 1;
    %end;
    .thread T_36;
# The file index is used to find the file name in the following table.
:file_names 8;
    "N/A";
    "<interactive>";
    "-";
    "04_13_put_in_order/testbench.sv";
    "04_13_put_in_order/testbench_1.sv";
    "04_13_put_in_order/04_13_put_in_order.sv";
    "04_13_put_in_order/delay_data_model.sv";
    "04_13_put_in_order/testbench_2.sv";
